<?xml version="1.0" encoding="UTF-8"?>
<testsuite xmlns:xsi="http://www.w3.org/2001/XMLSchema-instance" xsi:noNamespaceSchemaLocation="https://maven.apache.org/surefire/maven-surefire-plugin/xsd/surefire-test-report-3.0.xsd" version="3.0" name="pet.ManagementTest" time="12.138" tests="1" errors="0" skipped="0" failures="0">
  <properties>
[...]
</properties>
  <testcase name="testParallel" classname="pet.ManagementTest" time="12.098">
    <system-out><![CDATA[09:09:06.384 [main] DEBUG com.intuit.karate.Suite - [config] classpath:karate-config.js
09:09:06.396 [main] INFO  com.intuit.karate.Suite - backed up existing 'target\karate-reports' dir to: target\karate-reports_1723644546393
09:09:08.707 [pool-2-thread-2] INFO  com.intuit.karate - karate.env system property was: null 
09:09:08.792 [pool-2-thread-3] INFO  com.intuit.karate - karate.env system property was: null 
09:09:08.807 [pool-2-thread-1] INFO  com.intuit.karate - karate.env system property was: null 
09:09:08.825 [pool-2-thread-4] INFO  com.intuit.karate - karate.env system property was: null 
09:09:10.923 [pool-2-thread-3] DEBUG com.intuit.karate - request:
1 > POST https://petstore.swagger.io/v2/pet
1 > Content-Type: application/json; charset=UTF-8
1 > Content-Length: 135
1 > Host: petstore.swagger.io
1 > Connection: Keep-Alive
1 > User-Agent: Apache-HttpClient/4.5.13 (Java/1.8.0_202)
1 > Accept-Encoding: gzip,deflate
{"id":123,"category":{"id":2,"name":"Dog"},"name":"Chaos","photoUrls":["string"],"tags":[{"id":5,"name":"Chaos"}],"status":"available"}

09:09:10.923 [pool-2-thread-1] DEBUG com.intuit.karate - request:
1 > POST https://petstore.swagger.io/v2/pet
1 > Content-Type: application/json; charset=UTF-8
1 > Content-Length: 135
1 > Host: petstore.swagger.io
1 > Connection: Keep-Alive
1 > User-Agent: Apache-HttpClient/4.5.13 (Java/1.8.0_202)
1 > Accept-Encoding: gzip,deflate
{"id":123,"category":{"id":2,"name":"Dog"},"name":"Chaos","photoUrls":["string"],"tags":[{"id":5,"name":"Chaos"}],"status":"available"}

09:09:10.923 [pool-2-thread-4] DEBUG com.intuit.karate - request:
1 > POST https://petstore.swagger.io/v2/pet
1 > Content-Type: application/json; charset=UTF-8
1 > Content-Length: 135
1 > Host: petstore.swagger.io
1 > Connection: Keep-Alive
1 > User-Agent: Apache-HttpClient/4.5.13 (Java/1.8.0_202)
1 > Accept-Encoding: gzip,deflate
{"id":123,"category":{"id":2,"name":"Dog"},"name":"Chaos","photoUrls":["string"],"tags":[{"id":5,"name":"Chaos"}],"status":"available"}

09:09:10.923 [pool-2-thread-2] DEBUG com.intuit.karate - request:
1 > POST https://petstore.swagger.io/v2/pet
1 > Content-Type: application/json; charset=UTF-8
1 > Content-Length: 135
1 > Host: petstore.swagger.io
1 > Connection: Keep-Alive
1 > User-Agent: Apache-HttpClient/4.5.13 (Java/1.8.0_202)
1 > Accept-Encoding: gzip,deflate
{"id":123,"category":{"id":2,"name":"Dog"},"name":"Chaos","photoUrls":["string"],"tags":[{"id":5,"name":"Chaos"}],"status":"available"}

09:09:11.492 [pool-2-thread-1] DEBUG com.intuit.karate - response time in milliseconds: 567
1 < 200
1 < Date: Wed, 14 Aug 2024 14:09:12 GMT
1 < Content-Type: application/json
1 < Transfer-Encoding: chunked
1 < Connection: keep-alive
1 < Access-Control-Allow-Origin: *
1 < Access-Control-Allow-Methods: GET, POST, DELETE, PUT
1 < Access-Control-Allow-Headers: Content-Type, api_key, Authorization
1 < Server: Jetty(9.2.9.v20150224)
{"id":123,"category":{"id":2,"name":"Dog"},"name":"Chaos","photoUrls":["string"],"tags":[{"id":5,"name":"Chaos"}],"status":"available"}

09:09:11.492 [pool-2-thread-2] DEBUG com.intuit.karate - response time in milliseconds: 567
1 < 200
1 < Date: Wed, 14 Aug 2024 14:09:12 GMT
1 < Content-Type: application/json
1 < Transfer-Encoding: chunked
1 < Connection: keep-alive
1 < Access-Control-Allow-Origin: *
1 < Access-Control-Allow-Methods: GET, POST, DELETE, PUT
1 < Access-Control-Allow-Headers: Content-Type, api_key, Authorization
1 < Server: Jetty(9.2.9.v20150224)
{"id":123,"category":{"id":2,"name":"Dog"},"name":"Chaos","photoUrls":["string"],"tags":[{"id":5,"name":"Chaos"}],"status":"available"}

09:09:11.492 [pool-2-thread-3] DEBUG com.intuit.karate - response time in milliseconds: 567
1 < 200
1 < Date: Wed, 14 Aug 2024 14:09:12 GMT
1 < Content-Type: application/json
1 < Transfer-Encoding: chunked
1 < Connection: keep-alive
1 < Access-Control-Allow-Origin: *
1 < Access-Control-Allow-Methods: GET, POST, DELETE, PUT
1 < Access-Control-Allow-Headers: Content-Type, api_key, Authorization
1 < Server: Jetty(9.2.9.v20150224)
{"id":123,"category":{"id":2,"name":"Dog"},"name":"Chaos","photoUrls":["string"],"tags":[{"id":5,"name":"Chaos"}],"status":"available"}

09:09:11.492 [pool-2-thread-4] DEBUG com.intuit.karate - response time in milliseconds: 567
1 < 200
1 < Date: Wed, 14 Aug 2024 14:09:12 GMT
1 < Content-Type: application/json
1 < Transfer-Encoding: chunked
1 < Connection: keep-alive
1 < Access-Control-Allow-Origin: *
1 < Access-Control-Allow-Methods: GET, POST, DELETE, PUT
1 < Access-Control-Allow-Headers: Content-Type, api_key, Authorization
1 < Server: Jetty(9.2.9.v20150224)
{"id":123,"category":{"id":2,"name":"Dog"},"name":"Chaos","photoUrls":["string"],"tags":[{"id":5,"name":"Chaos"}],"status":"available"}

09:09:11.499 [pool-2-thread-4] DEBUG com.intuit.karate - request:
2 > POST https://petstore.swagger.io/v2/pet
2 > Content-Type: application/json; charset=UTF-8
2 > Content-Length: 41
2 > Host: petstore.swagger.io
2 > Connection: Keep-Alive
2 > User-Agent: Apache-HttpClient/4.5.13 (Java/1.8.0_202)
2 > Accept-Encoding: gzip,deflate
{"id":123,"name":"Bilbo","status":"sold"}

09:09:11.503 [pool-2-thread-3] DEBUG com.intuit.karate - request:
2 > POST https://petstore.swagger.io/v2/pet
2 > Content-Type: application/json; charset=UTF-8
2 > Content-Length: 41
2 > Host: petstore.swagger.io
2 > Connection: Keep-Alive
2 > User-Agent: Apache-HttpClient/4.5.13 (Java/1.8.0_202)
2 > Accept-Encoding: gzip,deflate
{"id":123,"name":"Bilbo","status":"sold"}

09:09:11.517 [pool-2-thread-2] DEBUG com.intuit.karate - request:
2 > GET https://petstore.swagger.io/v2/pet/123
2 > Host: petstore.swagger.io
2 > Connection: Keep-Alive
2 > User-Agent: Apache-HttpClient/4.5.13 (Java/1.8.0_202)
2 > Accept-Encoding: gzip,deflate


09:09:11.748 [pool-2-thread-4] DEBUG com.intuit.karate - response time in milliseconds: 248
2 < 200
2 < Date: Wed, 14 Aug 2024 14:09:12 GMT
2 < Content-Type: application/json
2 < Transfer-Encoding: chunked
2 < Connection: keep-alive
2 < Access-Control-Allow-Origin: *
2 < Access-Control-Allow-Methods: GET, POST, DELETE, PUT
2 < Access-Control-Allow-Headers: Content-Type, api_key, Authorization
2 < Server: Jetty(9.2.9.v20150224)
{"id":123,"name":"Bilbo","photoUrls":[],"tags":[],"status":"sold"}

09:09:11.748 [pool-2-thread-3] DEBUG com.intuit.karate - response time in milliseconds: 245
2 < 200
2 < Date: Wed, 14 Aug 2024 14:09:12 GMT
2 < Content-Type: application/json
2 < Transfer-Encoding: chunked
2 < Connection: keep-alive
2 < Access-Control-Allow-Origin: *
2 < Access-Control-Allow-Methods: GET, POST, DELETE, PUT
2 < Access-Control-Allow-Headers: Content-Type, api_key, Authorization
2 < Server: Jetty(9.2.9.v20150224)
{"id":123,"name":"Bilbo","photoUrls":[],"tags":[],"status":"sold"}

09:09:11.753 [pool-2-thread-4] DEBUG com.intuit.karate - request:
3 > GET https://petstore.swagger.io/v2/pet/findByStatus?status=sold
3 > Host: petstore.swagger.io
3 > Connection: Keep-Alive
3 > User-Agent: Apache-HttpClient/4.5.13 (Java/1.8.0_202)
3 > Accept-Encoding: gzip,deflate


09:09:11.758 [pool-2-thread-2] DEBUG com.intuit.karate - response time in milliseconds: 241
2 < 200
2 < Date: Wed, 14 Aug 2024 14:09:12 GMT
2 < Content-Type: application/json
2 < Transfer-Encoding: chunked
2 < Connection: keep-alive
2 < Access-Control-Allow-Origin: *
2 < Access-Control-Allow-Methods: GET, POST, DELETE, PUT
2 < Access-Control-Allow-Headers: Content-Type, api_key, Authorization
2 < Server: Jetty(9.2.9.v20150224)
{"id":123,"name":"Bilbo","photoUrls":[],"tags":[],"status":"sold"}

09:09:12.000 [pool-2-thread-4] DEBUG com.intuit.karate - response time in milliseconds: 247
3 < 200
3 < Date: Wed, 14 Aug 2024 14:09:12 GMT
3 < Content-Type: application/json
3 < Transfer-Encoding: chunked
3 < Connection: keep-alive
3 < Access-Control-Allow-Origin: *
3 < Access-Control-Allow-Methods: GET, POST, DELETE, PUT
3 < Access-Control-Allow-Headers: Content-Type, api_key, Authorization
3 < Server: Jetty(9.2.9.v20150224)
[{"id":9223372036854761580,"category":{"id":0,"name":"cat"},"name":"Kuzia","photoUrls":[],"tags":[],"status":"sold"},{"id":778,"category":{"id":1,"name":"Cold"},"name":"Singing Cat","photoUrls":["https://pbs.twimg.com/profile_images/948294484596375552/RyGNqDEM_400x400.jpg"],"tags":[{"id":600,"name":"Synapse"}],"status":"sold"},{"id":275,"category":{"id":8,"name":"Ежи changed"},"name":"Курва changed","photoUrls":["https://some-url.com/changed"],"tags":[{"id":3,"name":"Колючие changed"}],"status":"sold"},{"id":433,"name":"Bilbo","photoUrls":[],"tags":[],"status":"sold"},{"id":9223372036854761993,"photoUrls":[],"tags":[],"status":"sold"},{"id":9223372036854762309,"photoUrls":[],"tags":[],"status":"sold"},{"id":1,"category":{"id":1,"name":"cat"},"name":"dog","photoUrls":[],"tags":[],"status":"sold"}]

---------------------------------------------------------
feature: classpath:pet/generalTestCase.feature
scenarios:  4 | passed:  4 | failed:  0 | time: 11.6631
---------------------------------------------------------

09:09:13.443 [pool-3-thread-1] INFO  com.intuit.karate.Suite - <<pass>> feature 1 of 1 (0 remaining) classpath:pet/generalTestCase.feature
Karate version: 1.3.1
======================================================
elapsed:   9.07 | threads:    5 | thread time: 11.66 
features:     1 | skipped:    0 | efficiency: 0.26
scenarios:    4 | passed:     4 | failed: 0
======================================================

HTML report: (paste into browser to view) | Karate version: 1.3.1
file:///C:/Users/erick/Documents/petStore/target/karate-reports/karate-summary.html
===================================================================

]]></system-out>
    <system-err><![CDATA[Aug 14, 2024 9:09:14 AM net.masterthought.cucumber.ReportParser parseJsonFiles
INFO: File 'C:\Users\erick\Documents\petStore\target\karate-reports\pet.generalTestCase.json' contains 1 features
]]></system-err>
  </testcase>
</testsuite>